-------------------------------------------------------------------------------
Test set: cucumber.RunCucumberTest
-------------------------------------------------------------------------------
Tests run: 1, Failures: 0, Errors: 1, Skipped: 0, Time elapsed: 0.427 s <<< FAILURE! - in cucumber.RunCucumberTest
Cadastro com sucesso(Cadastro)  Time elapsed: 0.098 s  <<< ERROR!
io.cucumber.junit.UndefinedStepException: 
The step 'User is on Homepage' and 4 other step(s) are undefined.
You can implement these steps using the snippet(s) below:

@Given("User is on Homepage")
public void user_is_on_homepage() {
    // Write code here that turns the phrase above into concrete actions
    throw new io.cucumber.java.PendingException();
}
@Given("User clicks on the login button")
public void user_clicks_on_the_login_button() {
    // Write code here that turns the phrase above into concrete actions
    throw new io.cucumber.java.PendingException();
}
@When("User enters the an email on email field")
public void user_enters_the_an_email_on_email_field() {
    // Write code here that turns the phrase above into concrete actions
    throw new io.cucumber.java.PendingException();
}
@When("User enter the password on password field")
public void user_enter_the_password_on_password_field() {
    // Write code here that turns the phrase above into concrete actions
    throw new io.cucumber.java.PendingException();
}
@Then("User should be redirectioned to SignUp page")
public void user_should_be_redirectioned_to_sign_up_page() {
    // Write code here that turns the phrase above into concrete actions
    throw new io.cucumber.java.PendingException();
}


