<?xml version="1.0" encoding="UTF-8"?>
<testsuite xmlns:xsi="http://www.w3.org/2001/XMLSchema-instance" xsi:noNamespaceSchemaLocation="https://maven.apache.org/surefire/maven-surefire-plugin/xsd/surefire-test-report.xsd" name="cucumber.RunCucumberTest" time="0.427" tests="1" errors="1" skipped="0" failures="0">
  <properties>
[...]
</properties>
  <testcase name="Cadastro com sucesso" classname="Cadastro" time="0.098">
    <error message="The step &apos;User is on Homepage&apos; and 4 other step(s) are undefined.&#10;You can implement these steps using the snippet(s) below:&#10;&#10;@Given(&quot;User is on Homepage&quot;)&#10;public void user_is_on_homepage() {&#10;    // Write code here that turns the phrase above into concrete actions&#10;    throw new io.cucumber.java.PendingException();&#10;}&#10;@Given(&quot;User clicks on the login button&quot;)&#10;public void user_clicks_on_the_login_button() {&#10;    // Write code here that turns the phrase above into concrete actions&#10;    throw new io.cucumber.java.PendingException();&#10;}&#10;@When(&quot;User enters the an email on email field&quot;)&#10;public void user_enters_the_an_email_on_email_field() {&#10;    // Write code here that turns the phrase above into concrete actions&#10;    throw new io.cucumber.java.PendingException();&#10;}&#10;@When(&quot;User enter the password on password field&quot;)&#10;public void user_enter_the_password_on_password_field() {&#10;    // Write code here that turns the phrase above into concrete actions&#10;    throw new io.cucumber.java.PendingException();&#10;}&#10;@Then(&quot;User should be redirectioned to SignUp page&quot;)&#10;public void user_should_be_redirectioned_to_sign_up_page() {&#10;    // Write code here that turns the phrase above into concrete actions&#10;    throw new io.cucumber.java.PendingException();&#10;}&#10;" type="io.cucumber.junit.UndefinedStepException">io.cucumber.junit.UndefinedStepException: 
The step 'User is on Homepage' and 4 other step(s) are undefined.
You can implement these steps using the snippet(s) below:

@Given("User is on Homepage")
public void user_is_on_homepage() {
    // Write code here that turns the phrase above into concrete actions
    throw new io.cucumber.java.PendingException();
}
@Given("User clicks on the login button")
public void user_clicks_on_the_login_button() {
    // Write code here that turns the phrase above into concrete actions
    throw new io.cucumber.java.PendingException();
}
@When("User enters the an email on email field")
public void user_enters_the_an_email_on_email_field() {
    // Write code here that turns the phrase above into concrete actions
    throw new io.cucumber.java.PendingException();
}
@When("User enter the password on password field")
public void user_enter_the_password_on_password_field() {
    // Write code here that turns the phrase above into concrete actions
    throw new io.cucumber.java.PendingException();
}
@Then("User should be redirectioned to SignUp page")
public void user_should_be_redirectioned_to_sign_up_page() {
    // Write code here that turns the phrase above into concrete actions
    throw new io.cucumber.java.PendingException();
}

</error>
    <system-out><![CDATA[
Scenario: Cadastro com sucesso                     &amp#27;[90m# cucumber/resources/login.feature:2&amp#27;[0m
  &amp#27;[33mGiven &amp#27;[0m&amp#27;[33mUser is on Homepage&amp#27;[0m
  &amp#27;[36mAnd &amp#27;[0m&amp#27;[36mUser clicks on the login button&amp#27;[0m
  &amp#27;[36mWhen &amp#27;[0m&amp#27;[36mUser enters the an email on email field&amp#27;[0m
  &amp#27;[36mAnd &amp#27;[0m&amp#27;[36mUser enter the password on password field&amp#27;[0m
  &amp#27;[36mThen &amp#27;[0m&amp#27;[36mUser should be redirectioned to SignUp page&amp#27;[0m
]]></system-out>
  </testcase>
</testsuite>